<?xml version="1.0" encoding="UTF-8"?>
<!-- Generated by org.testng.reporters.JUnitReportReporter -->
<testsuite hostname="DESKTOP-4PNKHGI" failures="0" tests="2" name="OHRM.Directory" time="12.896" errors="0" timestamp="2023-10-27T18:04:13 IST" skipped="0">
  <testcase classname="OHRM.Directory" name="login" time="4.187"/>
  <system-out/>
  <testcase classname="OHRM.Directory" name="directoryModule" time="8.709"/>
  <system-out/>
</testsuite> <!-- OHRM.Directory -->
