<?xml version="1.0" encoding="UTF-8"?>
<!-- Generated by org.testng.reporters.JUnitReportReporter -->
<testsuite hostname="DESKTOP-4PNKHGI" failures="0" tests="3" name="OHRM.Recruitment" time="18.130" errors="0" timestamp="2023-10-28T15:07:33 IST" skipped="0">
  <testcase classname="OHRM.Recruitment" name="login" time="5.448"/>
  <system-out/>
  <testcase classname="OHRM.Recruitment" name="recruitmentModule" time="3.417"/>
  <system-out/>
  <testcase classname="OHRM.Recruitment" name="Candidates_detailsForm" time="9.265"/>
  <system-out/>
</testsuite> <!-- OHRM.Recruitment -->
